<?xml version="1.0" encoding="UTF-8"?>
<testsuite name="com.tata.musicCD.CDTest" tests="3" skipped="0" failures="0" errors="0" timestamp="2021-02-25T17:48:32" hostname="Admins-MacBook-Pro.local" time="0.088">
  <properties/>
  <testcase name="negativeTestForCDInstance()" classname="com.tata.musicCD.CDTest" time="0.075"/>
  <testcase name="Test Singer should not be null" classname="com.tata.musicCD.CDTest" time="0.008"/>
  <testcase name="Test Title should not be null" classname="com.tata.musicCD.CDTest" time="0.002"/>
  <system-out><![CDATA[]]></system-out>
  <system-err><![CDATA[]]></system-err>
</testsuite>
